Using pre-set license

 COMMAND LINE ARGUMENTS:
/Applications/2020.3.11f1/Unity.app/Contents/MacOS/Unity
-adb2
-batchMode
-noUpm
-name
AssetImportWorker0
-projectPath
/Users/charlesgosme/Movies/Unity_Projects/CreateWithCode/Programming-Theory-Repo/Programming_Theory_Project
-logFile
Logs/AssetImportWorker0.log
-srvPort
50120
Successfully changed project path to: /Users/charlesgosme/Movies/Unity_Projects/CreateWithCode/Programming-Theory-Repo/Programming_Theory_Project
/Users/charlesgosme/Movies/Unity_Projects/CreateWithCode/Programming-Theory-Repo/Programming_Theory_Project
Using Asset Import Pipeline V2.
Refreshing native plugins compatible for Editor in 60.26 ms, found 2 plugins.
Preloading 0 native plugins for Editor in 0.00 ms.
Initialize engine version: 2020.3.11f1 (99c7afb366b3)
[Subsystems] Discovering subsystems at path /Applications/2020.3.11f1/Unity.app/Contents/Resources/UnitySubsystems
[Subsystems] Discovering subsystems at path /Users/charlesgosme/Movies/Unity_Projects/CreateWithCode/Programming-Theory-Repo/Programming_Theory_Project/Assets
GfxDevice: creating device client; threaded=0
2021-12-16 23:44:28.027 Unity[2632:68902] Color LCD preferred device: AMD Radeon Pro 5500M (high power)
2021-12-16 23:44:28.027 Unity[2632:68902] Metal devices available: 2
2021-12-16 23:44:28.027 Unity[2632:68902] 0: AMD Radeon Pro 5500M (high power)
2021-12-16 23:44:28.027 Unity[2632:68902] 1: Intel(R) UHD Graphics 630 (low power)
2021-12-16 23:44:28.028 Unity[2632:68902] Using device AMD Radeon Pro 5500M (high power)
Initializing Metal device caps: AMD Radeon Pro 5500M
Initialize mono
Mono path[0] = '/Applications/2020.3.11f1/Unity.app/Contents/Managed'
Mono path[1] = '/Applications/2020.3.11f1/Unity.app/Contents/MonoBleedingEdge/lib/mono/unityjit'
Mono config path = '/Applications/2020.3.11f1/Unity.app/Contents/MonoBleedingEdge/etc'
Using monoOptions --debugger-agent=transport=dt_socket,embedding=1,server=y,suspend=n,address=127.0.0.1:56632
Begin MonoManager ReloadAssembly
Registering precompiled unity dll's ...
Register platform support module: /Applications/2020.3.11f1/PlaybackEngines/WebGLSupport/UnityEditor.WebGL.Extensions.dll
Register platform support module: /Applications/2020.3.11f1/Unity.app/Contents/PlaybackEngines/MacStandaloneSupport/UnityEditor.OSXStandalone.Extensions.dll
Registered in 0.000608 seconds.
Native extension for OSXStandalone target not found
Native extension for WebGL target not found
Refreshing native plugins compatible for Editor in 40.51 ms, found 2 plugins.
Preloading 0 native plugins for Editor in 0.00 ms.
Mono: successfully reloaded assembly
- Completed reload, in  2.721 seconds
Platform modules already initialized, skipping
Registering precompiled user dll's ...
Registered in 0.002173 seconds.
Begin MonoManager ReloadAssembly
Native extension for OSXStandalone target not found
Native extension for WebGL target not found
Refreshing native plugins compatible for Editor in 49.32 ms, found 2 plugins.
Preloading 0 native plugins for Editor in 0.00 ms.
Mono: successfully reloaded assembly
- Completed reload, in  1.428 seconds
Platform modules already initialized, skipping
========================================================================
Worker process is ready to serve import requests
Shader 'Universal Render Pipeline/Particles/Lit': fallback shader 'Universal Render Pipeline/Particles/SimpleLit' not found
Shader 'Universal Render Pipeline/Particles/Lit': fallback shader 'Universal Render Pipeline/Particles/SimpleLit' not found
Launching external process: /Applications/2020.3.11f1/Unity.app/Contents/Tools/UnityShaderCompiler
Launched and connected shader compiler UnityShaderCompiler after 0.01 seconds
Refreshing native plugins compatible for Editor in 0.45 ms, found 2 plugins.
Preloading 0 native plugins for Editor in 0.00 ms.
Unloading 2748 Unused Serialized files (Serialized files now loaded: 0)
System memory in use before: 215.4 MB.
System memory in use after: 212.6 MB.

Unloading 54 unused Assets to reduce memory usage. Loaded Objects now: 3146.
Total: 3.647107 ms (FindLiveObjects: 0.251671 ms CreateObjectMapping: 0.127552 ms MarkObjects: 1.747661 ms  DeleteObjects: 1.519339 ms)

========================================================================
Received Import Request.
  path: Assets/Scripts/ElfManagerName.cs
  artifactKey: Guid(688114646f56949fda28eb746acc9d89) Importer(815301076,1909f56bfc062723c751e8b465ee728b)
Start importing Assets/Scripts/ElfManagerName.cs using Guid(688114646f56949fda28eb746acc9d89) Importer(815301076,1909f56bfc062723c751e8b465ee728b)  -> (artifact id: '2c8fc1d64b33883b5b7a1d93071368be') in 1.784859 seconds
  Import took 1.789314 seconds .

========================================================================
Received Import Request.
  Time since last request: 16.927962 seconds.
  path: Assets/Scripts/ElfManagerName.cs
  artifactKey: Guid(688114646f56949fda28eb746acc9d89) Importer(815301076,1909f56bfc062723c751e8b465ee728b)
Start importing Assets/Scripts/ElfManagerName.cs using Guid(688114646f56949fda28eb746acc9d89) Importer(815301076,1909f56bfc062723c751e8b465ee728b)  -> (artifact id: '780868fce84450dde27a9cf54734d157') in 0.002369 seconds
  Import took 0.006150 seconds .

========================================================================
Received Prepare
Registering precompiled user dll's ...
Registered in 0.001690 seconds.
Begin MonoManager ReloadAssembly
Native extension for OSXStandalone target not found
Native extension for WebGL target not found
Refreshing native plugins compatible for Editor in 0.47 ms, found 2 plugins.
Preloading 0 native plugins for Editor in 0.00 ms.
Mono: successfully reloaded assembly
- Completed reload, in  1.058 seconds
Platform modules already initialized, skipping
Shader 'Universal Render Pipeline/Particles/Lit': fallback shader 'Universal Render Pipeline/Particles/SimpleLit' not found
Shader 'Universal Render Pipeline/Particles/Lit': fallback shader 'Universal Render Pipeline/Particles/SimpleLit' not found
Refreshing native plugins compatible for Editor in 0.43 ms, found 2 plugins.
Preloading 0 native plugins for Editor in 0.00 ms.
Unloading 2660 Unused Serialized files (Serialized files now loaded: 0)
System memory in use before: 214.7 MB.
System memory in use after: 212.1 MB.

Unloading 49 unused Assets to reduce memory usage. Loaded Objects now: 3149.
Total: 3.294374 ms (FindLiveObjects: 0.211437 ms CreateObjectMapping: 0.102330 ms MarkObjects: 1.581193 ms  DeleteObjects: 1.398764 ms)

========================================================================
Received Prepare
Registering precompiled user dll's ...
Registered in 0.001671 seconds.
Begin MonoManager ReloadAssembly
Native extension for OSXStandalone target not found
Native extension for WebGL target not found
Refreshing native plugins compatible for Editor in 0.45 ms, found 2 plugins.
Preloading 0 native plugins for Editor in 0.00 ms.
Mono: successfully reloaded assembly
- Completed reload, in  1.084 seconds
Platform modules already initialized, skipping
Shader 'Universal Render Pipeline/Particles/Lit': fallback shader 'Universal Render Pipeline/Particles/SimpleLit' not found
Shader 'Universal Render Pipeline/Particles/Lit': fallback shader 'Universal Render Pipeline/Particles/SimpleLit' not found
Refreshing native plugins compatible for Editor in 0.45 ms, found 2 plugins.
Preloading 0 native plugins for Editor in 0.00 ms.
Unloading 2660 Unused Serialized files (Serialized files now loaded: 0)
System memory in use before: 215.1 MB.
System memory in use after: 212.4 MB.

Unloading 49 unused Assets to reduce memory usage. Loaded Objects now: 3152.
Total: 3.791066 ms (FindLiveObjects: 0.245007 ms CreateObjectMapping: 0.114415 ms MarkObjects: 1.806852 ms  DeleteObjects: 1.624169 ms)

========================================================================
Received Prepare
Registering precompiled user dll's ...
Registered in 0.001809 seconds.
Begin MonoManager ReloadAssembly
Native extension for OSXStandalone target not found
Native extension for WebGL target not found
Refreshing native plugins compatible for Editor in 0.44 ms, found 2 plugins.
Preloading 0 native plugins for Editor in 0.00 ms.
Mono: successfully reloaded assembly
- Completed reload, in  1.070 seconds
Platform modules already initialized, skipping
Shader 'Universal Render Pipeline/Particles/Lit': fallback shader 'Universal Render Pipeline/Particles/SimpleLit' not found
Shader 'Universal Render Pipeline/Particles/Lit': fallback shader 'Universal Render Pipeline/Particles/SimpleLit' not found
Refreshing native plugins compatible for Editor in 0.46 ms, found 2 plugins.
Preloading 0 native plugins for Editor in 0.00 ms.
Unloading 2660 Unused Serialized files (Serialized files now loaded: 0)
System memory in use before: 215.5 MB.
System memory in use after: 212.8 MB.

Unloading 49 unused Assets to reduce memory usage. Loaded Objects now: 3155.
Total: 3.604060 ms (FindLiveObjects: 0.237677 ms CreateObjectMapping: 0.093800 ms MarkObjects: 1.707105 ms  DeleteObjects: 1.564741 ms)

========================================================================
Received Prepare
Registering precompiled user dll's ...
Registered in 0.001941 seconds.
Begin MonoManager ReloadAssembly
Native extension for OSXStandalone target not found
Native extension for WebGL target not found
Refreshing native plugins compatible for Editor in 0.45 ms, found 2 plugins.
Preloading 0 native plugins for Editor in 0.00 ms.
Mono: successfully reloaded assembly
- Completed reload, in  1.074 seconds
Platform modules already initialized, skipping
Shader 'Universal Render Pipeline/Particles/Lit': fallback shader 'Universal Render Pipeline/Particles/SimpleLit' not found
Shader 'Universal Render Pipeline/Particles/Lit': fallback shader 'Universal Render Pipeline/Particles/SimpleLit' not found
Refreshing native plugins compatible for Editor in 0.44 ms, found 2 plugins.
Preloading 0 native plugins for Editor in 0.00 ms.
Unloading 2660 Unused Serialized files (Serialized files now loaded: 0)
System memory in use before: 215.8 MB.
System memory in use after: 213.2 MB.

Unloading 49 unused Assets to reduce memory usage. Loaded Objects now: 3158.
Total: 3.450086 ms (FindLiveObjects: 0.227295 ms CreateObjectMapping: 0.092833 ms MarkObjects: 1.600631 ms  DeleteObjects: 1.528698 ms)

========================================================================
Received Prepare
Registering precompiled user dll's ...
Registered in 0.002015 seconds.
Begin MonoManager ReloadAssembly
Native extension for OSXStandalone target not found
Native extension for WebGL target not found
Refreshing native plugins compatible for Editor in 0.44 ms, found 2 plugins.
Preloading 0 native plugins for Editor in 0.00 ms.
Mono: successfully reloaded assembly
- Completed reload, in  1.112 seconds
Platform modules already initialized, skipping
Shader 'Universal Render Pipeline/Particles/Lit': fallback shader 'Universal Render Pipeline/Particles/SimpleLit' not found
Shader 'Universal Render Pipeline/Particles/Lit': fallback shader 'Universal Render Pipeline/Particles/SimpleLit' not found
Refreshing native plugins compatible for Editor in 0.44 ms, found 2 plugins.
Preloading 0 native plugins for Editor in 0.00 ms.
Unloading 2660 Unused Serialized files (Serialized files now loaded: 0)
System memory in use before: 216.1 MB.
System memory in use after: 213.5 MB.

Unloading 49 unused Assets to reduce memory usage. Loaded Objects now: 3161.
Total: 3.361593 ms (FindLiveObjects: 0.209641 ms CreateObjectMapping: 0.094423 ms MarkObjects: 1.558479 ms  DeleteObjects: 1.498407 ms)

========================================================================
Received Prepare
Registering precompiled user dll's ...
Registered in 0.001890 seconds.
Begin MonoManager ReloadAssembly
Native extension for OSXStandalone target not found
Native extension for WebGL target not found
Refreshing native plugins compatible for Editor in 0.46 ms, found 2 plugins.
Preloading 0 native plugins for Editor in 0.00 ms.
Mono: successfully reloaded assembly
- Completed reload, in  1.102 seconds
Platform modules already initialized, skipping
Shader 'Universal Render Pipeline/Particles/Lit': fallback shader 'Universal Render Pipeline/Particles/SimpleLit' not found
Shader 'Universal Render Pipeline/Particles/Lit': fallback shader 'Universal Render Pipeline/Particles/SimpleLit' not found
Refreshing native plugins compatible for Editor in 0.44 ms, found 2 plugins.
Preloading 0 native plugins for Editor in 0.00 ms.
Unloading 2660 Unused Serialized files (Serialized files now loaded: 0)
System memory in use before: 216.4 MB.
System memory in use after: 213.7 MB.

Unloading 49 unused Assets to reduce memory usage. Loaded Objects now: 3164.
Total: 3.425628 ms (FindLiveObjects: 0.219391 ms CreateObjectMapping: 0.091637 ms MarkObjects: 1.580195 ms  DeleteObjects: 1.533717 ms)

========================================================================
Received Import Request.
  Time since last request: 993.550609 seconds.
  path: Assets/Scripts/ElfManagerName.cs
  artifactKey: Guid(688114646f56949fda28eb746acc9d89) Importer(815301076,1909f56bfc062723c751e8b465ee728b)
Start importing Assets/Scripts/ElfManagerName.cs using Guid(688114646f56949fda28eb746acc9d89) Importer(815301076,1909f56bfc062723c751e8b465ee728b)  -> (artifact id: '62f6fa47c5d6a88ef763975fda7323a1') in 0.004813 seconds
  Import took 0.008675 seconds .

========================================================================
Received Import Request.
  Time since last request: 0.025903 seconds.
  path: Assets/Scripts/ElfManagerName.cs
  artifactKey: Guid(688114646f56949fda28eb746acc9d89) Importer(815301076,1909f56bfc062723c751e8b465ee728b)
Start importing Assets/Scripts/ElfManagerName.cs using Guid(688114646f56949fda28eb746acc9d89) Importer(815301076,1909f56bfc062723c751e8b465ee728b)  -> (artifact id: '62f6fa47c5d6a88ef763975fda7323a1') in 0.001264 seconds
  Import took 0.005911 seconds .

========================================================================
Received Prepare
Registering precompiled user dll's ...
Registered in 0.002006 seconds.
Begin MonoManager ReloadAssembly
Native extension for OSXStandalone target not found
Native extension for WebGL target not found
Refreshing native plugins compatible for Editor in 0.45 ms, found 2 plugins.
Preloading 0 native plugins for Editor in 0.00 ms.
Mono: successfully reloaded assembly
- Completed reload, in  1.117 seconds
Platform modules already initialized, skipping
Shader 'Universal Render Pipeline/Particles/Lit': fallback shader 'Universal Render Pipeline/Particles/SimpleLit' not found
Shader 'Universal Render Pipeline/Particles/Lit': fallback shader 'Universal Render Pipeline/Particles/SimpleLit' not found
Refreshing native plugins compatible for Editor in 0.44 ms, found 2 plugins.
Preloading 0 native plugins for Editor in 0.00 ms.
Unloading 2660 Unused Serialized files (Serialized files now loaded: 0)
System memory in use before: 216.6 MB.
System memory in use after: 214.0 MB.

Unloading 49 unused Assets to reduce memory usage. Loaded Objects now: 3167.
Total: 3.602342 ms (FindLiveObjects: 0.207497 ms CreateObjectMapping: 0.095398 ms MarkObjects: 1.667864 ms  DeleteObjects: 1.630891 ms)

========================================================================
Received Prepare
Registering precompiled user dll's ...
Registered in 0.001899 seconds.
Begin MonoManager ReloadAssembly
Native extension for OSXStandalone target not found
Native extension for WebGL target not found
Refreshing native plugins compatible for Editor in 0.46 ms, found 2 plugins.
Preloading 0 native plugins for Editor in 0.00 ms.
Mono: successfully reloaded assembly
- Completed reload, in  1.066 seconds
Platform modules already initialized, skipping
Shader 'Universal Render Pipeline/Particles/Lit': fallback shader 'Universal Render Pipeline/Particles/SimpleLit' not found
Shader 'Universal Render Pipeline/Particles/Lit': fallback shader 'Universal Render Pipeline/Particles/SimpleLit' not found
Refreshing native plugins compatible for Editor in 0.44 ms, found 2 plugins.
Preloading 0 native plugins for Editor in 0.00 ms.
Unloading 2660 Unused Serialized files (Serialized files now loaded: 0)
System memory in use before: 216.9 MB.
System memory in use after: 214.2 MB.

Unloading 49 unused Assets to reduce memory usage. Loaded Objects now: 3170.
Total: 3.531224 ms (FindLiveObjects: 0.211061 ms CreateObjectMapping: 0.095927 ms MarkObjects: 1.686032 ms  DeleteObjects: 1.537305 ms)

========================================================================
Received Prepare
Registering precompiled user dll's ...
Registered in 0.001996 seconds.
Begin MonoManager ReloadAssembly
Native extension for OSXStandalone target not found
Native extension for WebGL target not found
Refreshing native plugins compatible for Editor in 0.44 ms, found 2 plugins.
Preloading 0 native plugins for Editor in 0.00 ms.
Mono: successfully reloaded assembly
- Completed reload, in  1.083 seconds
Platform modules already initialized, skipping
Shader 'Universal Render Pipeline/Particles/Lit': fallback shader 'Universal Render Pipeline/Particles/SimpleLit' not found
Shader 'Universal Render Pipeline/Particles/Lit': fallback shader 'Universal Render Pipeline/Particles/SimpleLit' not found
Refreshing native plugins compatible for Editor in 0.44 ms, found 2 plugins.
Preloading 0 native plugins for Editor in 0.00 ms.
Unloading 2660 Unused Serialized files (Serialized files now loaded: 0)
System memory in use before: 217.2 MB.
System memory in use after: 214.5 MB.

Unloading 49 unused Assets to reduce memory usage. Loaded Objects now: 3173.
Total: 3.439069 ms (FindLiveObjects: 0.206499 ms CreateObjectMapping: 0.089876 ms MarkObjects: 1.581649 ms  DeleteObjects: 1.560295 ms)

========================================================================
Received Prepare
Registering precompiled user dll's ...
Registered in 0.002081 seconds.
Begin MonoManager ReloadAssembly
Native extension for OSXStandalone target not found
Native extension for WebGL target not found
Refreshing native plugins compatible for Editor in 0.44 ms, found 2 plugins.
Preloading 0 native plugins for Editor in 0.00 ms.
Mono: successfully reloaded assembly
- Completed reload, in  1.050 seconds
Platform modules already initialized, skipping
Shader 'Universal Render Pipeline/Particles/Lit': fallback shader 'Universal Render Pipeline/Particles/SimpleLit' not found
Shader 'Universal Render Pipeline/Particles/Lit': fallback shader 'Universal Render Pipeline/Particles/SimpleLit' not found
Refreshing native plugins compatible for Editor in 0.45 ms, found 2 plugins.
Preloading 0 native plugins for Editor in 0.00 ms.
Unloading 2660 Unused Serialized files (Serialized files now loaded: 0)
System memory in use before: 217.4 MB.
System memory in use after: 214.8 MB.

Unloading 49 unused Assets to reduce memory usage. Loaded Objects now: 3176.
Total: 4.001327 ms (FindLiveObjects: 0.278387 ms CreateObjectMapping: 0.124933 ms MarkObjects: 1.891790 ms  DeleteObjects: 1.705535 ms)

========================================================================
Received Prepare
Registering precompiled user dll's ...
Registered in 0.001691 seconds.
Begin MonoManager ReloadAssembly
Native extension for OSXStandalone target not found
Native extension for WebGL target not found
Refreshing native plugins compatible for Editor in 0.45 ms, found 2 plugins.
Preloading 0 native plugins for Editor in 0.00 ms.
Mono: successfully reloaded assembly
- Completed reload, in  1.080 seconds
Platform modules already initialized, skipping
Shader 'Universal Render Pipeline/Particles/Lit': fallback shader 'Universal Render Pipeline/Particles/SimpleLit' not found
Shader 'Universal Render Pipeline/Particles/Lit': fallback shader 'Universal Render Pipeline/Particles/SimpleLit' not found
Refreshing native plugins compatible for Editor in 0.44 ms, found 2 plugins.
Preloading 0 native plugins for Editor in 0.00 ms.
Unloading 2660 Unused Serialized files (Serialized files now loaded: 0)
System memory in use before: 217.7 MB.
System memory in use after: 215.0 MB.

Unloading 49 unused Assets to reduce memory usage. Loaded Objects now: 3179.
Total: 3.444146 ms (FindLiveObjects: 0.216933 ms CreateObjectMapping: 0.097384 ms MarkObjects: 1.592333 ms  DeleteObjects: 1.536843 ms)

========================================================================
Received Import Request.
  Time since last request: 828.986700 seconds.
  path: Assets/Scenes/Santa Workshop.unity
  artifactKey: Guid(31a31470ef7d24f178de26ca54954ac0) Importer(815301076,1909f56bfc062723c751e8b465ee728b)
Start importing Assets/Scenes/Santa Workshop.unity using Guid(31a31470ef7d24f178de26ca54954ac0) Importer(815301076,1909f56bfc062723c751e8b465ee728b)  -> (artifact id: 'b51e8ab85e0d825495c73e76efd6a828') in 0.012059 seconds
  Import took 0.016375 seconds .

========================================================================
Received Import Request.
  Time since last request: 23.755729 seconds.
  path: Assets/Scripts/UISantaWorkshop.cs
  artifactKey: Guid(eed48e31f12be486cb341947641704d0) Importer(815301076,1909f56bfc062723c751e8b465ee728b)
Start importing Assets/Scripts/UISantaWorkshop.cs using Guid(eed48e31f12be486cb341947641704d0) Importer(815301076,1909f56bfc062723c751e8b465ee728b)  -> (artifact id: '1613eab363004ae156c441b72b8773e0') in 0.001586 seconds
  Import took 0.005227 seconds .

========================================================================
Received Import Request.
  Time since last request: 0.002113 seconds.
  path: Assets/Scripts/UISantaWorkshop.cs
  artifactKey: Guid(eed48e31f12be486cb341947641704d0) Importer(815301076,1909f56bfc062723c751e8b465ee728b)
Start importing Assets/Scripts/UISantaWorkshop.cs using Guid(eed48e31f12be486cb341947641704d0) Importer(815301076,1909f56bfc062723c751e8b465ee728b)  -> (artifact id: '1613eab363004ae156c441b72b8773e0') in 0.001276 seconds
  Import took 0.004301 seconds .

========================================================================
Received Import Request.
  Time since last request: 42.743860 seconds.
  path: Assets/Scripts/UISantaWorkshop.cs
  artifactKey: Guid(eed48e31f12be486cb341947641704d0) Importer(815301076,1909f56bfc062723c751e8b465ee728b)
Start importing Assets/Scripts/UISantaWorkshop.cs using Guid(eed48e31f12be486cb341947641704d0) Importer(815301076,1909f56bfc062723c751e8b465ee728b)  -> (artifact id: 'c4101a0fb0e8d8e3d6a358dc1175ad9d') in 0.002239 seconds
  Import took 0.006718 seconds .

========================================================================
Received Prepare
Registering precompiled user dll's ...
Registered in 0.001633 seconds.
Begin MonoManager ReloadAssembly
Native extension for OSXStandalone target not found
Native extension for WebGL target not found
Refreshing native plugins compatible for Editor in 0.44 ms, found 2 plugins.
Preloading 0 native plugins for Editor in 0.00 ms.
Mono: successfully reloaded assembly
- Completed reload, in  1.063 seconds
Platform modules already initialized, skipping
Shader 'Universal Render Pipeline/Particles/Lit': fallback shader 'Universal Render Pipeline/Particles/SimpleLit' not found
Shader 'Universal Render Pipeline/Particles/Lit': fallback shader 'Universal Render Pipeline/Particles/SimpleLit' not found
Refreshing native plugins compatible for Editor in 0.44 ms, found 2 plugins.
Preloading 0 native plugins for Editor in 0.00 ms.
Unloading 2660 Unused Serialized files (Serialized files now loaded: 0)
System memory in use before: 218.0 MB.
System memory in use after: 215.3 MB.

Unloading 49 unused Assets to reduce memory usage. Loaded Objects now: 3182.
Total: 3.472529 ms (FindLiveObjects: 0.202923 ms CreateObjectMapping: 0.084623 ms MarkObjects: 1.598684 ms  DeleteObjects: 1.585601 ms)

========================================================================
Received Import Request.
  Time since last request: 7.819135 seconds.
  path: Assets/Scenes/Menu.unity
  artifactKey: Guid(8a25e33ca3d0946faacdc89f3359fa0a) Importer(815301076,1909f56bfc062723c751e8b465ee728b)
Start importing Assets/Scenes/Menu.unity using Guid(8a25e33ca3d0946faacdc89f3359fa0a) Importer(815301076,1909f56bfc062723c751e8b465ee728b)  -> (artifact id: '6ec3c67a02e60702f79683bc997235a2') in 0.012706 seconds
  Import took 0.016947 seconds .

========================================================================
Received Prepare
Registering precompiled user dll's ...
Registered in 0.002696 seconds.
Begin MonoManager ReloadAssembly
Native extension for OSXStandalone target not found
Native extension for WebGL target not found
Refreshing native plugins compatible for Editor in 0.52 ms, found 2 plugins.
Preloading 0 native plugins for Editor in 0.00 ms.
Mono: successfully reloaded assembly
- Completed reload, in  1.256 seconds
Platform modules already initialized, skipping
Shader 'Universal Render Pipeline/Particles/Lit': fallback shader 'Universal Render Pipeline/Particles/SimpleLit' not found
Shader 'Universal Render Pipeline/Particles/Lit': fallback shader 'Universal Render Pipeline/Particles/SimpleLit' not found
Refreshing native plugins compatible for Editor in 0.44 ms, found 2 plugins.
Preloading 0 native plugins for Editor in 0.00 ms.
Unloading 2660 Unused Serialized files (Serialized files now loaded: 0)
System memory in use before: 218.3 MB.
System memory in use after: 215.6 MB.

Unloading 49 unused Assets to reduce memory usage. Loaded Objects now: 3185.
Total: 3.821571 ms (FindLiveObjects: 0.622441 ms CreateObjectMapping: 0.127280 ms MarkObjects: 1.537026 ms  DeleteObjects: 1.534032 ms)

========================================================================
Received Prepare
Registering precompiled user dll's ...
Registered in 0.002061 seconds.
Begin MonoManager ReloadAssembly
Native extension for OSXStandalone target not found
Native extension for WebGL target not found
Refreshing native plugins compatible for Editor in 0.44 ms, found 2 plugins.
Preloading 0 native plugins for Editor in 0.00 ms.
Mono: successfully reloaded assembly
- Completed reload, in  1.025 seconds
Platform modules already initialized, skipping
Shader 'Universal Render Pipeline/Particles/Lit': fallback shader 'Universal Render Pipeline/Particles/SimpleLit' not found
Shader 'Universal Render Pipeline/Particles/Lit': fallback shader 'Universal Render Pipeline/Particles/SimpleLit' not found
Refreshing native plugins compatible for Editor in 0.49 ms, found 2 plugins.
Preloading 0 native plugins for Editor in 0.00 ms.
Unloading 2660 Unused Serialized files (Serialized files now loaded: 0)
System memory in use before: 218.8 MB.
System memory in use after: 216.1 MB.

Unloading 49 unused Assets to reduce memory usage. Loaded Objects now: 3188.
Total: 3.601195 ms (FindLiveObjects: 0.208454 ms CreateObjectMapping: 0.106424 ms MarkObjects: 1.676360 ms  DeleteObjects: 1.609231 ms)

========================================================================
Received Prepare
Registering precompiled user dll's ...
Registered in 0.002010 seconds.
Begin MonoManager ReloadAssembly
Native extension for OSXStandalone target not found
Native extension for WebGL target not found
Refreshing native plugins compatible for Editor in 0.45 ms, found 2 plugins.
Preloading 0 native plugins for Editor in 0.00 ms.
Mono: successfully reloaded assembly
- Completed reload, in  1.030 seconds
Platform modules already initialized, skipping
Shader 'Universal Render Pipeline/Particles/Lit': fallback shader 'Universal Render Pipeline/Particles/SimpleLit' not found
Shader 'Universal Render Pipeline/Particles/Lit': fallback shader 'Universal Render Pipeline/Particles/SimpleLit' not found
Refreshing native plugins compatible for Editor in 0.46 ms, found 2 plugins.
Preloading 0 native plugins for Editor in 0.00 ms.
Unloading 2660 Unused Serialized files (Serialized files now loaded: 0)
System memory in use before: 219.0 MB.
System memory in use after: 216.4 MB.

Unloading 49 unused Assets to reduce memory usage. Loaded Objects now: 3191.
Total: 3.626039 ms (FindLiveObjects: 0.217897 ms CreateObjectMapping: 0.096465 ms MarkObjects: 1.510087 ms  DeleteObjects: 1.800954 ms)

========================================================================
Received Prepare
Registering precompiled user dll's ...
Registered in 0.002060 seconds.
Begin MonoManager ReloadAssembly
Native extension for OSXStandalone target not found
Native extension for WebGL target not found
Refreshing native plugins compatible for Editor in 0.49 ms, found 2 plugins.
Preloading 0 native plugins for Editor in 0.00 ms.
Mono: successfully reloaded assembly
- Completed reload, in  1.297 seconds
Platform modules already initialized, skipping
Shader 'Universal Render Pipeline/Particles/Lit': fallback shader 'Universal Render Pipeline/Particles/SimpleLit' not found
Shader 'Universal Render Pipeline/Particles/Lit': fallback shader 'Universal Render Pipeline/Particles/SimpleLit' not found
Refreshing native plugins compatible for Editor in 0.47 ms, found 2 plugins.
Preloading 0 native plugins for Editor in 0.00 ms.
Unloading 2660 Unused Serialized files (Serialized files now loaded: 0)
System memory in use before: 219.3 MB.
System memory in use after: 216.6 MB.

Unloading 49 unused Assets to reduce memory usage. Loaded Objects now: 3194.
Total: 3.754931 ms (FindLiveObjects: 0.236785 ms CreateObjectMapping: 0.101885 ms MarkObjects: 1.739222 ms  DeleteObjects: 1.675886 ms)

========================================================================
Received Prepare
Registering precompiled user dll's ...
Registered in 0.001786 seconds.
Begin MonoManager ReloadAssembly
Native extension for OSXStandalone target not found
Native extension for WebGL target not found
Refreshing native plugins compatible for Editor in 0.44 ms, found 2 plugins.
Preloading 0 native plugins for Editor in 0.00 ms.
Mono: successfully reloaded assembly
- Completed reload, in  1.050 seconds
Platform modules already initialized, skipping
Shader 'Universal Render Pipeline/Particles/Lit': fallback shader 'Universal Render Pipeline/Particles/SimpleLit' not found
Shader 'Universal Render Pipeline/Particles/Lit': fallback shader 'Universal Render Pipeline/Particles/SimpleLit' not found
Refreshing native plugins compatible for Editor in 0.48 ms, found 2 plugins.
Preloading 0 native plugins for Editor in 0.00 ms.
Unloading 2660 Unused Serialized files (Serialized files now loaded: 0)
System memory in use before: 219.6 MB.
System memory in use after: 216.9 MB.

Unloading 49 unused Assets to reduce memory usage. Loaded Objects now: 3197.
Total: 3.767802 ms (FindLiveObjects: 0.237498 ms CreateObjectMapping: 0.111572 ms MarkObjects: 1.755945 ms  DeleteObjects: 1.662032 ms)

========================================================================
Received Prepare
Registering precompiled user dll's ...
Registered in 0.001727 seconds.
Begin MonoManager ReloadAssembly
Native extension for OSXStandalone target not found
Native extension for WebGL target not found
Refreshing native plugins compatible for Editor in 0.43 ms, found 2 plugins.
Preloading 0 native plugins for Editor in 0.00 ms.
Mono: successfully reloaded assembly
- Completed reload, in  1.044 seconds
Platform modules already initialized, skipping
Shader 'Universal Render Pipeline/Particles/Lit': fallback shader 'Universal Render Pipeline/Particles/SimpleLit' not found
Shader 'Universal Render Pipeline/Particles/Lit': fallback shader 'Universal Render Pipeline/Particles/SimpleLit' not found
Refreshing native plugins compatible for Editor in 0.44 ms, found 2 plugins.
Preloading 0 native plugins for Editor in 0.00 ms.
Unloading 2660 Unused Serialized files (Serialized files now loaded: 0)
System memory in use before: 219.8 MB.
System memory in use after: 217.1 MB.

Unloading 49 unused Assets to reduce memory usage. Loaded Objects now: 3200.
Total: 3.754902 ms (FindLiveObjects: 0.237914 ms CreateObjectMapping: 0.100845 ms MarkObjects: 1.733094 ms  DeleteObjects: 1.682276 ms)

AssetImportWorkerClient::OnTransportError - code=2 error=End of file
